Added Component: Designator=C1(CN1.5)
Add component (AddParameter): Name = "Value"; Value = "0.01uF"; VariantName = "[No Variations]"
Added Component: Designator=C2(CN1.5)
Add component (AddParameter): Name = "Value"; Value = "0.01uF"; VariantName = "[No Variations]"
Added Component: Designator=C3(CN1.5)
Add component (AddParameter): Name = "Value"; Value = "0.01uF"; VariantName = "[No Variations]"
Added Component: Designator=C4(CN1.5)
Add component (AddParameter): Name = "Value"; Value = "0.01uF"; VariantName = "[No Variations]"
Added Component: Designator=C5(CN1.5)
Add component (AddParameter): Name = "Value"; Value = "0.01uF"; VariantName = "[No Variations]"
Added Component: Designator=C6(CN2)
Add component (AddParameter): Name = "Value"; Value = "0.1uF"; VariantName = "[No Variations]"
Added Component: Designator=C7(CN2)
Add component (AddParameter): Name = "Value"; Value = "0.1uF"; VariantName = "[No Variations]"
Added Component: Designator=C8(CN1.5)
Add component (AddParameter): Name = "Value"; Value = "0.01uF"; VariantName = "[No Variations]"
Added Component: Designator=C9(CN2)
Add component (AddParameter): Name = "Value"; Value = "0.1uF"; VariantName = "[No Variations]"
Added Component: Designator=C10(CN2)
Add component (AddParameter): Name = "Value"; Value = "0.1uF"; VariantName = "[No Variations]"
Added Component: Designator=LED1(LED-3)
Add component (AddParameter): Name = "Value"; Value = "LED 3 ly Single Colour"; VariantName = "[No Variations]"
Added Component: Designator=LED2(LED-3)
Add component (AddParameter): Name = "Value"; Value = "LED 3 ly Single Colour"; VariantName = "[No Variations]"
Added Component: Designator=P1(HDR2X3)
Add component (AddParameter): Name = "LatestRevisionDate"; Value = "17-Jul-2002"; VariantName = "[No Variations]"
Add component (AddParameter): Name = "LatestRevisionNote"; Value = "Re-released for DXP Platform."; VariantName = "[No Variations]"
Add component (AddParameter): Name = "Publisher"; Value = "Altium Limited"; VariantName = "[No Variations]"
Added Component: Designator=P2(HDR1X20)
Add component (AddParameter): Name = "LatestRevisionDate"; Value = "17-Jul-2002"; VariantName = "[No Variations]"
Add component (AddParameter): Name = "LatestRevisionNote"; Value = "Re-released for DXP Platform."; VariantName = "[No Variations]"
Add component (AddParameter): Name = "Publisher"; Value = "Altium Limited"; VariantName = "[No Variations]"
Added Component: Designator=P3(HDR1X20)
Add component (AddParameter): Name = "LatestRevisionDate"; Value = "17-Jul-2002"; VariantName = "[No Variations]"
Add component (AddParameter): Name = "LatestRevisionNote"; Value = "Re-released for DXP Platform."; VariantName = "[No Variations]"
Add component (AddParameter): Name = "Publisher"; Value = "Altium Limited"; VariantName = "[No Variations]"
Added Component: Designator=P4(HDR1X4)
Add component (AddParameter): Name = "LatestRevisionDate"; Value = "17-Jul-2002"; VariantName = "[No Variations]"
Add component (AddParameter): Name = "LatestRevisionNote"; Value = "Re-released for DXP Platform."; VariantName = "[No Variations]"
Add component (AddParameter): Name = "Publisher"; Value = "Altium Limited"; VariantName = "[No Variations]"
Added Component: Designator=R1(R1/4W)
Add component (AddParameter): Name = "Value"; Value = "R1/4W - 1K"; VariantName = "[No Variations]"
Added Component: Designator=R2(R1/4W)
Add component (AddParameter): Name = "Value"; Value = "R1/4W - 1K"; VariantName = "[No Variations]"
Added Component: Designator=R3(R1/4W)
Add component (AddParameter): Name = "Value"; Value = "R1/4W - 1K"; VariantName = "[No Variations]"
Added Component: Designator=R4(R1/4W)
Add component (AddParameter): Name = "Value"; Value = "R1/4W - 1K"; VariantName = "[No Variations]"
Added Component: Designator=R5(R1/4W)
Add component (AddParameter): Name = "Value"; Value = "R1/4W - 1K"; VariantName = "[No Variations]"
Added Component: Designator=R6(R1/4W)
Add component (AddParameter): Name = "Value"; Value = "R1/4W - 1K"; VariantName = "[No Variations]"
Added Component: Designator=R7(R1/4W)
Add component (AddParameter): Name = "Value"; Value = "R1/4W - 1K"; VariantName = "[No Variations]"
Added Component: Designator=R8(R1/4W)
Add component (AddParameter): Name = "Value"; Value = "R1/4W - 1K"; VariantName = "[No Variations]"
Added Component: Designator=R9(R1/4W)
Add component (AddParameter): Name = "Value"; Value = "R1/4W - 1K"; VariantName = "[No Variations]"
Added Component: Designator=SW1(SW2)
Add component (AddParameter): Name = "Value"; Value = "SW chip 2 pin"; VariantName = "[No Variations]"
Added Component: Designator=U1(SOT94P279X129-5N)
Add component (AddParameter): Name = "Check_prices"; Value = "https://www.snapeda.com/parts/RT9193-33GB/Richtek+USA+Inc./view-part/?ref=eda"; VariantName = "[No Variations]"
Add component (AddParameter): Name = "Digi-Key_Part_Number"; Value = "1028-1014-2-ND"; VariantName = "[No Variations]"
Add component (AddParameter): Name = "MF"; Value = "Richtek USA"; VariantName = "[No Variations]"
Add component (AddParameter): Name = "MP"; Value = "RT9193-33GB"; VariantName = "[No Variations]"
Add component (AddParameter): Name = "Package"; Value = "SOT-23-5 Richtek"; VariantName = "[No Variations]"
Add component (AddParameter): Name = "Purchase-URL"; Value = "https://pricing.snapeda.com/search/part/RT9193-33GB/?ref=eda"; VariantName = "[No Variations]"
Add component (AddParameter): Name = "SnapEDA_Link"; Value = "https://www.snapeda.com/parts/RT9193-33GB/Richtek+USA+Inc./view-part/?ref=snap"; VariantName = "[No Variations]"
Add component (AddParameter): Name = "Value"; Value = ""; VariantName = "[No Variations]"
Add Component: Footprint Not Found QFP50P900X900X160-48N
Added Component: Designator=USB1(USB Micro 5p DIP)
Add component (AddParameter): Name = "Ma_Hang"; Value = "MH005145"; VariantName = "[No Variations]"
Add component (AddParameter): Name = "Ten"; Value = "MicroUSB MK5P DIP"; VariantName = "[No Variations]"
Added Component: Designator=X1(XT2)
Add component (AddParameter): Name = "Value"; Value = "4Mhz"; VariantName = "[No Variations]"
Added Component: Designator=X2(XT32k)
Add component (AddParameter): Name = "Value"; Value = "32,768khz"; VariantName = "[No Variations]"
Added Pin To Net: NetName=3.3V Pin=C3-2
Added Pin To Net: NetName=3.3V Pin=C4-2
Added Pin To Net: NetName=3.3V Pin=C8-2
Added Pin To Net: NetName=3.3V Pin=P2-18
Added Pin To Net: NetName=3.3V Pin=P3-1
Added Pin To Net: NetName=3.3V Pin=P4-1
Added Pin To Net: NetName=3.3V Pin=U1-5
Added Net: Name=3.3V
Added Pin To Net: NetName=5V Pin=C1-2
Added Pin To Net: NetName=5V Pin=C2-2
Added Pin To Net: NetName=5V Pin=P3-3
Added Pin To Net: NetName=5V Pin=R8-1
Added Pin To Net: NetName=5V Pin=U1-1
Added Pin To Net: NetName=5V Pin=U1-3
Added Pin To Net: NetName=5V Pin=USB1-1
Added Net: Name=5V
Added Pin To Net: NetName=BOOT0 Pin=R3-1
Added Net: Name=BOOT0
Added Pin To Net: NetName=BOOT1 Pin=R4-2
Added Net: Name=BOOT1
Added Pin To Net: NetName=GND Pin=C1-1
Added Pin To Net: NetName=GND Pin=C2-1
Added Pin To Net: NetName=GND Pin=C3-1
Added Pin To Net: NetName=GND Pin=C4-1
Added Pin To Net: NetName=GND Pin=C5-1
Added Pin To Net: NetName=GND Pin=C6-1
Added Pin To Net: NetName=GND Pin=C7-1
Added Pin To Net: NetName=GND Pin=C8-1
Added Pin To Net: NetName=GND Pin=C9-1
Added Pin To Net: NetName=GND Pin=C10-1
Added Pin To Net: NetName=GND Pin=P2-19
Added Pin To Net: NetName=GND Pin=P2-20
Added Pin To Net: NetName=GND Pin=P3-2
Added Pin To Net: NetName=GND Pin=P4-4
Added Pin To Net: NetName=GND Pin=U1-2
Added Pin To Net: NetName=GND Pin=USB1-4
Added Pin To Net: NetName=GND Pin=USB1-5
Added Pin To Net: NetName=GND Pin=USB1-5
Added Pin To Net: NetName=GND Pin=USB1-5
Added Pin To Net: NetName=GND Pin=USB1-5
Added Pin To Net: NetName=GND Pin=USB1-5
Added Pin To Net: NetName=GND Pin=USB1-5
Added Pin To Net: NetName=GND Pin=USB1-5
Added Net: Name=GND
Added Pin To Net: NetName=NetC5_2 Pin=C5-2
Added Pin To Net: NetName=NetC5_2 Pin=U1-4
Added Net: Name=NetC5_2
Added Pin To Net: NetName=NetLED1_1 Pin=LED1-1
Added Pin To Net: NetName=NetLED1_1 Pin=LED2-1
Added Pin To Net: NetName=NetLED1_1 Pin=P1-1
Added Pin To Net: NetName=NetLED1_1 Pin=P1-2
Added Pin To Net: NetName=NetLED1_1 Pin=R2-2
Added Net: Name=NetLED1_1
Added Pin To Net: NetName=NetLED1_2 Pin=LED1-2
Added Pin To Net: NetName=NetLED1_2 Pin=R1-1
Added Net: Name=NetLED1_2
Added Pin To Net: NetName=NetLED2_2 Pin=LED2-2
Added Pin To Net: NetName=NetLED2_2 Pin=R5-1
Added Net: Name=NetLED2_2
Added Pin To Net: NetName=NetP1_3 Pin=P1-3
Added Pin To Net: NetName=NetP1_3 Pin=R3-2
Added Net: Name=NetP1_3
Added Pin To Net: NetName=NetP1_4 Pin=P1-4
Added Pin To Net: NetName=NetP1_4 Pin=R4-1
Added Net: Name=NetP1_4
Added Pin To Net: NetName=NetP1_5 Pin=P1-5
Added Pin To Net: NetName=NetP1_5 Pin=P1-6
Added Pin To Net: NetName=NetP1_5 Pin=R1-2
Added Pin To Net: NetName=NetP1_5 Pin=SW1-1
Added Net: Name=NetP1_5
Added Pin To Net: NetName=NetR6_1 Pin=R6-1
Added Pin To Net: NetName=NetR6_1 Pin=USB1-2
Added Net: Name=NetR6_1
Added Pin To Net: NetName=NetR7_1 Pin=R7-1
Added Pin To Net: NetName=NetR7_1 Pin=USB1-3
Added Net: Name=NetR7_1
Added Pin To Net: NetName=PA0 Pin=P2-5
Added Net: Name=PA0
Added Pin To Net: NetName=PA1 Pin=P2-6
Added Net: Name=PA1
Added Pin To Net: NetName=PA2 Pin=P2-7
Added Net: Name=PA2
Added Pin To Net: NetName=PA3 Pin=P2-8
Added Net: Name=PA3
Added Pin To Net: NetName=PA4 Pin=P2-9
Added Net: Name=PA4
Added Net: Name=PA5
Added Pin To Net: NetName=PA6 Pin=P2-11
Added Net: Name=PA6
Added Pin To Net: NetName=PA7 Pin=P2-12
Added Net: Name=PA7
Added Pin To Net: NetName=PA8 Pin=P3-16
Added Net: Name=PA8
Added Pin To Net: NetName=PA9 Pin=P3-15
Added Net: Name=PA9
Added Pin To Net: NetName=PA10 Pin=P3-14
Added Net: Name=PA10
Added Pin To Net: NetName=PA11 Pin=P3-13
Added Pin To Net: NetName=PA11 Pin=R6-2
Added Net: Name=PA11
Added Pin To Net: NetName=PA12 Pin=P3-12
Added Pin To Net: NetName=PA12 Pin=R7-2
Added Pin To Net: NetName=PA12 Pin=R8-2
Added Net: Name=PA12
Added Pin To Net: NetName=PA15 Pin=P3-11
Added Net: Name=PA15
Added Pin To Net: NetName=PB0 Pin=P2-13
Added Net: Name=PB0
Added Pin To Net: NetName=PB1 Pin=P2-14
Added Net: Name=PB1
Added Pin To Net: NetName=PB3 Pin=P3-10
Added Net: Name=PB3
Added Pin To Net: NetName=PB4 Pin=P3-9
Added Net: Name=PB4
Added Pin To Net: NetName=PB5 Pin=P3-8
Added Net: Name=PB5
Added Pin To Net: NetName=PB6 Pin=P3-7
Added Net: Name=PB6
Added Pin To Net: NetName=PB7 Pin=P3-6
Added Net: Name=PB7
Added Pin To Net: NetName=PB8 Pin=P3-5
Added Net: Name=PB8
Added Pin To Net: NetName=PB9 Pin=P3-4
Added Net: Name=PB9
Added Pin To Net: NetName=PB10 Pin=P2-15
Added Net: Name=PB10
Added Pin To Net: NetName=PB11 Pin=P2-16
Added Net: Name=PB11
Added Pin To Net: NetName=PB12 Pin=P3-20
Added Net: Name=PB12
Added Pin To Net: NetName=PB13 Pin=P3-19
Added Net: Name=PB13
Added Pin To Net: NetName=PB14 Pin=P3-18
Added Net: Name=PB14
Added Pin To Net: NetName=PB15 Pin=P3-17
Added Net: Name=PB15
Added Pin To Net: NetName=PC13 Pin=P2-2
Added Pin To Net: NetName=PC13 Pin=R5-2
Added Net: Name=PC13
Added Pin To Net: NetName=PC14 Pin=C9-2
Added Pin To Net: NetName=PC14 Pin=P2-3
Added Pin To Net: NetName=PC14 Pin=X2-1
Added Net: Name=PC14
Added Pin To Net: NetName=PC15 Pin=C10-2
Added Pin To Net: NetName=PC15 Pin=P2-4
Added Pin To Net: NetName=PC15 Pin=X2-2
Added Net: Name=PC15
Added Pin To Net: NetName=PD0 Pin=C6-2
Added Pin To Net: NetName=PD0 Pin=R9-2
Added Pin To Net: NetName=PD0 Pin=X1-1
Added Net: Name=PD0
Added Pin To Net: NetName=PD1 Pin=C7-2
Added Pin To Net: NetName=PD1 Pin=R9-1
Added Pin To Net: NetName=PD1 Pin=X1-2
Added Net: Name=PD1
Added Pin To Net: NetName=RESET Pin=P2-17
Added Pin To Net: NetName=RESET Pin=R2-1
Added Pin To Net: NetName=RESET Pin=SW1-2
Added Net: Name=RESET
Added Pin To Net: NetName=SWDCLK Pin=P4-3
Added Net: Name=SWDCLK
Added Pin To Net: NetName=SWDIO Pin=P4-2
Added Net: Name=SWDIO
Added Pin To Net: NetName=VBAT Pin=P2-1
Added Net: Name=VBAT
Added Class: Name=blue_pill
Added Room: Name=blue_pill
