Added Component: Designator=U2(QFP50P900X900X160-48N)
Add component (AddParameter): Name = "Check_prices"; Value = "https://www.snapeda.com/parts/STM32F103C8T6/STMicroelectronics/view-part/?ref=eda"; VariantName = "[No Variations]"
Add component (AddParameter): Name = "MF"; Value = "STMicroelectronics"; VariantName = "[No Variations]"
Add component (AddParameter): Name = "MP"; Value = "STM32F103C8T6"; VariantName = "[No Variations]"
Add component (AddParameter): Name = "Package"; Value = "LQFP-48 STMicroelectronics"; VariantName = "[No Variations]"
Add component (AddParameter): Name = "SnapEDA_Link"; Value = "https://www.snapeda.com/parts/STM32F103C8T6/STMicroelectronics/view-part/?ref=snap"; VariantName = "[No Variations]"
Add component (AddParameter): Name = "Value"; Value = ""; VariantName = "[No Variations]"
Added Pin To Net: NetName=PA5 Pin=P2-10
Added Pin To Net: NetName=VBAT Pin=U2-1
Added Pin To Net: NetName=PC13 Pin=U2-2
Added Pin To Net: NetName=PC14 Pin=U2-3
Added Pin To Net: NetName=PC15 Pin=U2-4
Added Pin To Net: NetName=PD0 Pin=U2-5
Added Pin To Net: NetName=PD1 Pin=U2-6
Added Pin To Net: NetName=RESET Pin=U2-7
Added Pin To Net: NetName=GND Pin=U2-8
Added Pin To Net: NetName=3.3V Pin=U2-9
Added Pin To Net: NetName=PA0 Pin=U2-10
Added Pin To Net: NetName=PA1 Pin=U2-11
Added Pin To Net: NetName=PA2 Pin=U2-12
Added Pin To Net: NetName=PA3 Pin=U2-13
Added Pin To Net: NetName=PA4 Pin=U2-14
Added Pin To Net: NetName=PA5 Pin=U2-15
Added Pin To Net: NetName=PA6 Pin=U2-16
Added Pin To Net: NetName=PA7 Pin=U2-17
Added Pin To Net: NetName=PB0 Pin=U2-18
Added Pin To Net: NetName=PB1 Pin=U2-19
Added Pin To Net: NetName=BOOT1 Pin=U2-20
Added Pin To Net: NetName=PB10 Pin=U2-21
Added Pin To Net: NetName=PB11 Pin=U2-22
Added Pin To Net: NetName=GND Pin=U2-23
Added Pin To Net: NetName=3.3V Pin=U2-24
Added Pin To Net: NetName=PB12 Pin=U2-25
Added Pin To Net: NetName=PB13 Pin=U2-26
Added Pin To Net: NetName=PB14 Pin=U2-27
Added Pin To Net: NetName=PB15 Pin=U2-28
Added Pin To Net: NetName=PA8 Pin=U2-29
Added Pin To Net: NetName=PA9 Pin=U2-30
Added Pin To Net: NetName=PA10 Pin=U2-31
Added Pin To Net: NetName=PA11 Pin=U2-32
Added Pin To Net: NetName=PA12 Pin=U2-33
Added Pin To Net: NetName=SWDIO Pin=U2-34
Added Pin To Net: NetName=GND Pin=U2-35
Added Pin To Net: NetName=3.3V Pin=U2-36
Added Pin To Net: NetName=SWDCLK Pin=U2-37
Added Pin To Net: NetName=PA15 Pin=U2-38
Added Pin To Net: NetName=PB3 Pin=U2-39
Added Pin To Net: NetName=PB4 Pin=U2-40
Added Pin To Net: NetName=PB5 Pin=U2-41
Added Pin To Net: NetName=PB6 Pin=U2-42
Added Pin To Net: NetName=PB7 Pin=U2-43
Added Pin To Net: NetName=BOOT0 Pin=U2-44
Added Pin To Net: NetName=PB8 Pin=U2-45
Added Pin To Net: NetName=PB9 Pin=U2-46
Added Pin To Net: NetName=GND Pin=U2-47
Added Pin To Net: NetName=3.3V Pin=U2-48
Added Member To Class: ClassName=blue_pill Member=Component U2 STM32F103C8T6
